==== Sat Apr  4 10:15:32 PM UTC 2026 - Health Check ====
CPU: 0%
Memory: 32%
Disk: 19%
Container down, restarting...
Completed
Sat Apr  4 10:15:32 PM UTC 2026 - Script interrupted
==== Sat Apr  4 10:15:40 PM UTC 2026 - Health Check ====
CPU: 0%
Memory: 32%
Disk: 19%
Completed
Sat Apr  4 10:15:40 PM UTC 2026 - Script interrupted
==== Sat Apr  4 10:16:05 PM UTC 2026 - Health Check ====
CPU: 0%
Memory: 32%
Disk: 19%
Completed
Sat Apr  4 10:16:06 PM UTC 2026 - Script interrupted
==== Sat Apr  4 10:16:55 PM UTC 2026 - Health Check ====
CPU: 0%
Memory: 32%
Disk: 19%
Completed
Sat Apr  4 10:16:55 PM UTC 2026 - Script interrupted
==== Sat Apr  4 10:22:36 PM UTC 2026 - Health Check ====
CPU: 4%
Memory: 32%
Disk: 19%
Completed
Sat Apr  4 10:22:36 PM UTC 2026 - Script interrupted
CPU: 28%
Memory: 35%
Disk: 19%
Completed
Sat Apr  4 10:35:41 PM UTC 2026 - Script interrupted
CPU: 50%
Memory: 35%
Disk: 19%
Completed
Sat Apr  4 10:35:53 PM UTC 2026 - Script interrupted
2026-04-05 17:53:56.637 [INFO] Health check started
CPU: 66%
Memory: 36%
Disk: 19%
Container down, restarting...
Completed
Sun Apr  5 05:54:03 PM UTC 2026 - Script interrupted
2026-04-05 18:02:49.045 [INFO] Health check started
CPU: 40%
Memory: 36%
Disk: 19%
Container down, restarting...
Completed
Sun Apr  5 06:02:58 PM UTC 2026 - Script interrupted
2026-04-05 18:35:56.736 [INFO] Health check started
CPU: 50%
Memory: 38%
Disk: 19%
Completed
Sun Apr  5 06:36:05 PM UTC 2026 - Script interrupted
2026-04-05 18:53:31.847 [INFO] Health check started
CPU: 33%
Memory: 38%
Disk: 19%
Container down, restarting...
Completed
Sun Apr  5 06:53:37 PM UTC 2026 - Script interrupted
2026-04-05 19:00:06.830 [INFO] Health check started
CPU: 66%
Memory: 38%
Disk: 19%
Completed
Sun Apr  5 07:00:10 PM UTC 2026 - Script interrupted
